2021/08/11 10:48:57 [error] 34#34: *1 FastCGI sent in stderr: "PHP message: [error] Uncaught PHP Exception Symfony\Component\HttpKernel\Exception\NotFoundHttpException: "No route found for "GET http://localhost/"" at /var/www/vendor/symfony/http-kernel/EventListener/RouterListener.php line 136" while reading response header from upstream, client: 172.24.0.1, server: symfony, request: "GET / HTTP/1.1", upstream: "fastcgi://172.24.0.3:9000", host: "localhost"
2021/08/11 10:48:58 [error] 34#34: *1 FastCGI sent in stderr: "PHP message: [error] Uncaught PHP Exception Symfony\Component\HttpKernel\Exception\NotFoundHttpException: "No route found for "GET http://localhost/favicon.ico" (from "http://localhost/")" at /var/www/vendor/symfony/http-kernel/EventListener/RouterListener.php line 136" while reading response header from upstream, client: 172.24.0.1, server: symfony, request: "GET /favicon.ico HTTP/1.1", upstream: "fastcgi://172.24.0.3:9000", host: "localhost", referrer: "http://localhost/"
2021/08/11 11:09:40 [error] 31#31: *1 FastCGI sent in stderr: "PHP message: [error] Uncaught PHP Exception Symfony\Component\HttpKernel\Exception\NotFoundHttpException: "No route found for "GET http://localhost/"" at /var/www/vendor/symfony/http-kernel/EventListener/RouterListener.php line 136" while reading response header from upstream, client: 172.24.0.1, server: localhost, request: "GET / HTTP/1.1", upstream: "fastcgi://172.24.0.3:9000", host: "localhost"
2021/08/11 11:36:37 [error] 31#31: *3 FastCGI sent in stderr: "PHP message: [info] Matched route "post_index".
PHP message: [debug] Notified event "kernel.request" to listener "Symfony\Component\HttpKernel\EventListener\DebugHandlersListener::configure".
PHP message: [debug] Notified event "kernel.request" to listener "Symfony\Component\HttpKernel\EventListener\ValidateRequestListener::onKernelRequest".
PHP message: [debug] Notified event "kernel.request" to listener "Symfony\Component\HttpKernel\EventListener\SessionListener::onKernelRequest".
PHP message: [debug] Notified event "kernel.request" to listener "Symfony\Component\HttpKernel\EventListener\LocaleListener::setDefaultLocale".
PHP message: [debug] Notified event "kernel.request" to listener "Symfony\Component\HttpKernel\EventListener\RouterListener::onKernelRequest".
PHP message: [debug] Notified event "kernel.request" to listener "Symfony\Component\HttpKernel\EventListener\LocaleListener::onKernelRequest".
PHP message: [debug] Notified event "kernel.request" to listener "Symfony\Component\HttpKernel\EventListener\LocaleAwareListener::onKernelRequest".
PHP message: [debug] Notified event "kernel.controller" to listener "Sensio\Bundle\FrameworkExtraBundle\EventListener\ControllerListener::onKernelController".
PHP message: [debug] Notified event "kernel.controller" to listener "Sensio\Bundle\FrameworkExtraBundle\EventListener\ParamConverterListener::onKernelController".
PHP message: [debug] Notified event "kernel.controller" to listener "Sensio\Bundle\FrameworkExtraBundle\EventListener\HttpCacheListener::onKernelController".
PHP message: [debug] Notified event "kernel.controller" to listener "Sensio\Bundle\FrameworkExtraBundle\EventListener\TemplateListener::onKernelController".
PHP message: [debug] Notified event "kernel.controller_arguments" to listener "Symfony\Component\HttpKernel\EventListener\ErrorListener::onControllerArguments".
PHP message: [debug] Notified event "kernel.controller_arguments" to listener "Sensio\Bundle\FrameworkExtraBundle\EventL
2021/08/11 11:36:37 [error] 31#31: *3 FastCGI sent in stderr: "PHP message: [info] Matched route "post_index".
PHP message: [debug] Notified event "kernel.request" to listener "Symfony\Component\HttpKernel\EventListener\DebugHandlersListener::configure".
PHP message: [debug] Notified event "kernel.request" to listener "Symfony\Component\HttpKernel\EventListener\ValidateRequestListener::onKernelRequest".
PHP message: [debug] Notified event "kernel.request" to listener "Symfony\Component\HttpKernel\EventListener\SessionListener::onKernelRequest".
PHP message: [debug] Notified event "kernel.request" to listener "Symfony\Component\HttpKernel\EventListener\LocaleListener::setDefaultLocale".
PHP message: [debug] Notified event "kernel.request" to listener "Symfony\Component\HttpKernel\EventListener\RouterListener::onKernelRequest".
PHP message: [debug] Notified event "kernel.request" to listener "Symfony\Component\HttpKernel\EventListener\LocaleListener::onKernelRequest".
PHP message: [debug] Notified event "kernel.request" to listener "Symfony\Component\HttpKernel\EventListener\LocaleAwareListener::onKernelRequest".
PHP message: [debug] Notified event "kernel.controller" to listener "Sensio\Bundle\FrameworkExtraBundle\EventListener\ControllerListener::onKernelController".
PHP message: [debug] Notified event "kernel.controller" to listener "Sensio\Bundle\FrameworkExtraBundle\EventListener\ParamConverterListener::onKernelController".
PHP message: [debug] Notified event "kernel.controller" to listener "Sensio\Bundle\FrameworkExtraBundle\EventListener\HttpCacheListener::onKernelController".
PHP message: [debug] Notified event "kernel.controller" to listener "Sensio\Bundle\FrameworkExtraBundle\EventListener\TemplateListener::onKernelController".
PHP message: [debug] Notified event "kernel.controller_arguments" to listener "Symfony\Component\HttpKernel\EventListener\ErrorListener::onControllerArguments".
PHP message: [debug] Notified event "kernel.controller_arguments" to listener "Sensio\Bundle\FrameworkExtraBundle\EventL
2021/08/11 11:36:40 [error] 31#31: *3 FastCGI sent in stderr: "PHP message: [info] Matched route "post_new".
PHP message: [debug] Notified event "kernel.request" to listener "Symfony\Component\HttpKernel\EventListener\DebugHandlersListener::configure".
PHP message: [debug] Notified event "kernel.request" to listener "Symfony\Component\HttpKernel\EventListener\ValidateRequestListener::onKernelRequest".
PHP message: [debug] Notified event "kernel.request" to listener "Symfony\Component\HttpKernel\EventListener\SessionListener::onKernelRequest".
PHP message: [debug] Notified event "kernel.request" to listener "Symfony\Component\HttpKernel\EventListener\LocaleListener::setDefaultLocale".
PHP message: [debug] Notified event "kernel.request" to listener "Symfony\Component\HttpKernel\EventListener\RouterListener::onKernelRequest".
PHP message: [debug] Notified event "kernel.request" to listener "Symfony\Component\HttpKernel\EventListener\LocaleListener::onKernelRequest".
PHP message: [debug] Notified event "kernel.request" to listener "Symfony\Component\HttpKernel\EventListener\LocaleAwareListener::onKernelRequest".
PHP message: [debug] Notified event "kernel.controller" to listener "Sensio\Bundle\FrameworkExtraBundle\EventListener\ControllerListener::onKernelController".
PHP message: [debug] Notified event "kernel.controller" to listener "Sensio\Bundle\FrameworkExtraBundle\EventListener\ParamConverterListener::onKernelController".
PHP message: [debug] Notified event "kernel.controller" to listener "Sensio\Bundle\FrameworkExtraBundle\EventListener\HttpCacheListener::onKernelController".
PHP message: [debug] Notified event "kernel.controller" to listener "Sensio\Bundle\FrameworkExtraBundle\EventListener\TemplateListener::onKernelController".
PHP message: [debug] Notified event "kernel.controller_arguments" to listener "Symfony\Component\HttpKernel\EventListener\ErrorListener::onControllerArguments".
PHP message: [debug] Notified event "kernel.controller_arguments" to listener "Sensio\Bundle\FrameworkExtraBundle\EventLis
2021/08/11 11:58:34 [error] 31#31: *7 FastCGI sent in stderr: "PHP message: [info] Matched route "post_new".
PHP message: [debug] Notified event "kernel.request" to listener "Symfony\Component\HttpKernel\EventListener\DebugHandlersListener::configure".
PHP message: [debug] Notified event "kernel.request" to listener "Symfony\Component\HttpKernel\EventListener\ValidateRequestListener::onKernelRequest".
PHP message: [debug] Notified event "kernel.request" to listener "Symfony\Component\HttpKernel\EventListener\SessionListener::onKernelRequest".
PHP message: [debug] Notified event "kernel.request" to listener "Symfony\Component\HttpKernel\EventListener\LocaleListener::setDefaultLocale".
PHP message: [debug] Notified event "kernel.request" to listener "Symfony\Component\HttpKernel\EventListener\RouterListener::onKernelRequest".
PHP message: [debug] Notified event "kernel.request" to listener "Symfony\Component\HttpKernel\EventListener\LocaleListener::onKernelRequest".
PHP message: [debug] Notified event "kernel.request" to listener "Symfony\Component\HttpKernel\EventListener\LocaleAwareListener::onKernelRequest".
PHP message: [debug] Notified event "kernel.controller" to listener "Sensio\Bundle\FrameworkExtraBundle\EventListener\ControllerListener::onKernelController".
PHP message: [debug] Notified event "kernel.controller" to listener "Sensio\Bundle\FrameworkExtraBundle\EventListener\ParamConverterListener::onKernelController".
PHP message: [debug] Notified event "kernel.controller" to listener "Sensio\Bundle\FrameworkExtraBundle\EventListener\HttpCacheListener::onKernelController".
PHP message: [debug] Notified event "kernel.controller" to listener "Sensio\Bundle\FrameworkExtraBundle\EventListener\TemplateListener::onKernelController".
PHP message: [debug] Notified event "kernel.controller_arguments" to listener "Symfony\Component\HttpKernel\EventListener\ErrorListener::onControllerArguments".
PHP message: [debug] Notified event "kernel.controller_arguments" to listener "Sensio\Bundle\FrameworkExtraBundle\EventLis
2021/08/11 11:58:35 [error] 31#31: *7 FastCGI sent in stderr: "PHP message: [info] Matched route "post_index".
PHP message: [debug] Notified event "kernel.request" to listener "Symfony\Component\HttpKernel\EventListener\DebugHandlersListener::configure".
PHP message: [debug] Notified event "kernel.request" to listener "Symfony\Component\HttpKernel\EventListener\ValidateRequestListener::onKernelRequest".
PHP message: [debug] Notified event "kernel.request" to listener "Symfony\Component\HttpKernel\EventListener\SessionListener::onKernelRequest".
PHP message: [debug] Notified event "kernel.request" to listener "Symfony\Component\HttpKernel\EventListener\LocaleListener::setDefaultLocale".
PHP message: [debug] Notified event "kernel.request" to listener "Symfony\Component\HttpKernel\EventListener\RouterListener::onKernelRequest".
PHP message: [debug] Notified event "kernel.request" to listener "Symfony\Component\HttpKernel\EventListener\LocaleListener::onKernelRequest".
PHP message: [debug] Notified event "kernel.request" to listener "Symfony\Component\HttpKernel\EventListener\LocaleAwareListener::onKernelRequest".
PHP message: [debug] Notified event "kernel.controller" to listener "Sensio\Bundle\FrameworkExtraBundle\EventListener\ControllerListener::onKernelController".
PHP message: [debug] Notified event "kernel.controller" to listener "Sensio\Bundle\FrameworkExtraBundle\EventListener\ParamConverterListener::onKernelController".
PHP message: [debug] Notified event "kernel.controller" to listener "Sensio\Bundle\FrameworkExtraBundle\EventListener\HttpCacheListener::onKernelController".
PHP message: [debug] Notified event "kernel.controller" to listener "Sensio\Bundle\FrameworkExtraBundle\EventListener\TemplateListener::onKernelController".
PHP message: [debug] Notified event "kernel.controller_arguments" to listener "Symfony\Component\HttpKernel\EventListener\ErrorListener::onControllerArguments".
PHP message: [debug] Notified event "kernel.controller_arguments" to listener "Sensio\Bundle\FrameworkExtraBundle\EventL
2021/08/11 11:59:24 [error] 31#31: *7 FastCGI sent in stderr: "PHP message: [info] Matched route "comment_index".
PHP message: [debug] Notified event "kernel.request" to listener "Symfony\Component\HttpKernel\EventListener\DebugHandlersListener::configure".
PHP message: [debug] Notified event "kernel.request" to listener "Symfony\Component\HttpKernel\EventListener\ValidateRequestListener::onKernelRequest".
PHP message: [debug] Notified event "kernel.request" to listener "Symfony\Component\HttpKernel\EventListener\SessionListener::onKernelRequest".
PHP message: [debug] Notified event "kernel.request" to listener "Symfony\Component\HttpKernel\EventListener\LocaleListener::setDefaultLocale".
PHP message: [debug] Notified event "kernel.request" to listener "Symfony\Component\HttpKernel\EventListener\RouterListener::onKernelRequest".
PHP message: [debug] Notified event "kernel.request" to listener "Symfony\Component\HttpKernel\EventListener\LocaleListener::onKernelRequest".
PHP message: [debug] Notified event "kernel.request" to listener "Symfony\Component\HttpKernel\EventListener\LocaleAwareListener::onKernelRequest".
PHP message: [debug] Notified event "kernel.controller" to listener "Sensio\Bundle\FrameworkExtraBundle\EventListener\ControllerListener::onKernelController".
PHP message: [debug] Notified event "kernel.controller" to listener "Sensio\Bundle\FrameworkExtraBundle\EventListener\ParamConverterListener::onKernelController".
PHP message: [debug] Notified event "kernel.controller" to listener "Sensio\Bundle\FrameworkExtraBundle\EventListener\HttpCacheListener::onKernelController".
PHP message: [debug] Notified event "kernel.controller" to listener "Sensio\Bundle\FrameworkExtraBundle\EventListener\TemplateListener::onKernelController".
PHP message: [debug] Notified event "kernel.controller_arguments" to listener "Symfony\Component\HttpKernel\EventListener\ErrorListener::onControllerArguments".
PHP message: [debug] Notified event "kernel.controller_arguments" to listener "Sensio\Bundle\FrameworkExtraBundle\Eve
2021/08/11 11:59:27 [error] 31#31: *7 FastCGI sent in stderr: "PHP message: [info] Matched route "comment_new".
PHP message: [debug] Notified event "kernel.request" to listener "Symfony\Component\HttpKernel\EventListener\DebugHandlersListener::configure".
PHP message: [debug] Notified event "kernel.request" to listener "Symfony\Component\HttpKernel\EventListener\ValidateRequestListener::onKernelRequest".
PHP message: [debug] Notified event "kernel.request" to listener "Symfony\Component\HttpKernel\EventListener\SessionListener::onKernelRequest".
PHP message: [debug] Notified event "kernel.request" to listener "Symfony\Component\HttpKernel\EventListener\LocaleListener::setDefaultLocale".
PHP message: [debug] Notified event "kernel.request" to listener "Symfony\Component\HttpKernel\EventListener\RouterListener::onKernelRequest".
PHP message: [debug] Notified event "kernel.request" to listener "Symfony\Component\HttpKernel\EventListener\LocaleListener::onKernelRequest".
PHP message: [debug] Notified event "kernel.request" to listener "Symfony\Component\HttpKernel\EventListener\LocaleAwareListener::onKernelRequest".
PHP message: [debug] Notified event "kernel.controller" to listener "Sensio\Bundle\FrameworkExtraBundle\EventListener\ControllerListener::onKernelController".
PHP message: [debug] Notified event "kernel.controller" to listener "Sensio\Bundle\FrameworkExtraBundle\EventListener\ParamConverterListener::onKernelController".
PHP message: [debug] Notified event "kernel.controller" to listener "Sensio\Bundle\FrameworkExtraBundle\EventListener\HttpCacheListener::onKernelController".
PHP message: [debug] Notified event "kernel.controller" to listener "Sensio\Bundle\FrameworkExtraBundle\EventListener\TemplateListener::onKernelController".
PHP message: [debug] Notified event "kernel.controller_arguments" to listener "Symfony\Component\HttpKernel\EventListener\ErrorListener::onControllerArguments".
PHP message: [debug] Notified event "kernel.controller_arguments" to listener "Sensio\Bundle\FrameworkExtraBundle\Event
2021/08/11 11:59:27 [error] 31#31: *7 FastCGI sent in stderr: "PHP message: 2021-08-11T11:59:27+00:00 [critical] Uncaught Error: Object of class App\Entity\Post could not be converted to string" while reading upstream, client: 172.24.0.1, server: localhost, request: "GET /comment/new HTTP/1.1", upstream: "fastcgi://172.24.0.3:9000", host: "localhost", referrer: "http://localhost/comment/"
2021/08/11 12:01:33 [error] 31#31: *12 FastCGI sent in stderr: "PHP message: [info] Matched route "comment_new".
PHP message: [debug] Notified event "kernel.request" to listener "Symfony\Component\HttpKernel\EventListener\DebugHandlersListener::configure".
PHP message: [debug] Notified event "kernel.request" to listener "Symfony\Component\HttpKernel\EventListener\ValidateRequestListener::onKernelRequest".
PHP message: [debug] Notified event "kernel.request" to listener "Symfony\Component\HttpKernel\EventListener\SessionListener::onKernelRequest".
PHP message: [debug] Notified event "kernel.request" to listener "Symfony\Component\HttpKernel\EventListener\LocaleListener::setDefaultLocale".
PHP message: [debug] Notified event "kernel.request" to listener "Symfony\Component\HttpKernel\EventListener\RouterListener::onKernelRequest".
PHP message: [debug] Notified event "kernel.request" to listener "Symfony\Component\HttpKernel\EventListener\LocaleListener::onKernelRequest".
PHP message: [debug] Notified event "kernel.request" to listener "Symfony\Component\HttpKernel\EventListener\LocaleAwareListener::onKernelRequest".
PHP message: [debug] Notified event "kernel.controller" to listener "Sensio\Bundle\FrameworkExtraBundle\EventListener\ControllerListener::onKernelController".
PHP message: [debug] Notified event "kernel.controller" to listener "Sensio\Bundle\FrameworkExtraBundle\EventListener\ParamConverterListener::onKernelController".
PHP message: [debug] Notified event "kernel.controller" to listener "Sensio\Bundle\FrameworkExtraBundle\EventListener\HttpCacheListener::onKernelController".
PHP message: [debug] Notified event "kernel.controller" to listener "Sensio\Bundle\FrameworkExtraBundle\EventListener\TemplateListener::onKernelController".
PHP message: [debug] Notified event "kernel.controller_arguments" to listener "Symfony\Component\HttpKernel\EventListener\ErrorListener::onControllerArguments".
PHP message: [debug] Notified event "kernel.controller_arguments" to listener "Sensio\Bundle\FrameworkExtraBundle\Even
2021/08/11 12:01:33 [error] 31#31: *12 FastCGI sent in stderr: "PHP message: 2021-08-11T12:01:33+00:00 [critical] Uncaught Error: Object of class App\Entity\Post could not be converted to string" while reading upstream, client: 172.24.0.1, server: localhost, request: "GET /comment/new HTTP/1.1", upstream: "fastcgi://172.24.0.3:9000", host: "localhost", referrer: "http://localhost/comment/"
2021/08/11 12:04:15 [error] 31#31: *14 FastCGI sent in stderr: "PHP message: [info] Matched route "comment_new".
PHP message: [debug] Notified event "kernel.request" to listener "Symfony\Component\HttpKernel\EventListener\DebugHandlersListener::configure".
PHP message: [debug] Notified event "kernel.request" to listener "Symfony\Component\HttpKernel\EventListener\ValidateRequestListener::onKernelRequest".
PHP message: [debug] Notified event "kernel.request" to listener "Symfony\Component\HttpKernel\EventListener\SessionListener::onKernelRequest".
PHP message: [debug] Notified event "kernel.request" to listener "Symfony\Component\HttpKernel\EventListener\LocaleListener::setDefaultLocale".
PHP message: [debug] Notified event "kernel.request" to listener "Symfony\Component\HttpKernel\EventListener\RouterListener::onKernelRequest".
PHP message: [debug] Notified event "kernel.request" to listener "Symfony\Component\HttpKernel\EventListener\LocaleListener::onKernelRequest".
PHP message: [debug] Notified event "kernel.request" to listener "Symfony\Component\HttpKernel\EventListener\LocaleAwareListener::onKernelRequest".
PHP message: [debug] Notified event "kernel.controller" to listener "Sensio\Bundle\FrameworkExtraBundle\EventListener\ControllerListener::onKernelController".
PHP message: [debug] Notified event "kernel.controller" to listener "Sensio\Bundle\FrameworkExtraBundle\EventListener\ParamConverterListener::onKernelController".
PHP message: [debug] Notified event "kernel.controller" to listener "Sensio\Bundle\FrameworkExtraBundle\EventListener\HttpCacheListener::onKernelController".
PHP message: [debug] Notified event "kernel.controller" to listener "Sensio\Bundle\FrameworkExtraBundle\EventListener\TemplateListener::onKernelController".
PHP message: [debug] Notified event "kernel.controller_arguments" to listener "Symfony\Component\HttpKernel\EventListener\ErrorListener::onControllerArguments".
PHP message: [debug] Notified event "kernel.controller_arguments" to listener "Sensio\Bundle\FrameworkExtraBundle\Even
2021/08/11 12:04:23 [error] 31#31: *14 FastCGI sent in stderr: "PHP message: [info] Matched route "comment_new".
PHP message: [debug] Notified event "kernel.request" to listener "Symfony\Component\HttpKernel\EventListener\DebugHandlersListener::configure".
PHP message: [debug] Notified event "kernel.request" to listener "Symfony\Component\HttpKernel\EventListener\ValidateRequestListener::onKernelRequest".
PHP message: [debug] Notified event "kernel.request" to listener "Symfony\Component\HttpKernel\EventListener\SessionListener::onKernelRequest".
PHP message: [debug] Notified event "kernel.request" to listener "Symfony\Component\HttpKernel\EventListener\LocaleListener::setDefaultLocale".
PHP message: [debug] Notified event "kernel.request" to listener "Symfony\Component\HttpKernel\EventListener\RouterListener::onKernelRequest".
PHP message: [debug] Notified event "kernel.request" to listener "Symfony\Component\HttpKernel\EventListener\LocaleListener::onKernelRequest".
PHP message: [debug] Notified event "kernel.request" to listener "Symfony\Component\HttpKernel\EventListener\LocaleAwareListener::onKernelRequest".
PHP message: [debug] Notified event "kernel.controller" to listener "Sensio\Bundle\FrameworkExtraBundle\EventListener\ControllerListener::onKernelController".
PHP message: [debug] Notified event "kernel.controller" to listener "Sensio\Bundle\FrameworkExtraBundle\EventListener\ParamConverterListener::onKernelController".
PHP message: [debug] Notified event "kernel.controller" to listener "Sensio\Bundle\FrameworkExtraBundle\EventListener\HttpCacheListener::onKernelController".
PHP message: [debug] Notified event "kernel.controller" to listener "Sensio\Bundle\FrameworkExtraBundle\EventListener\TemplateListener::onKernelController".
PHP message: [debug] Notified event "kernel.controller_arguments" to listener "Symfony\Component\HttpKernel\EventListener\ErrorListener::onControllerArguments".
PHP message: [debug] Notified event "kernel.controller_arguments" to listener "Sensio\Bundle\FrameworkExtraBundle\Even
2021/08/11 12:04:26 [error] 31#31: *14 FastCGI sent in stderr: "PHP message: [info] Matched route "comment_new".
PHP message: [debug] Notified event "kernel.request" to listener "Symfony\Component\HttpKernel\EventListener\DebugHandlersListener::configure".
PHP message: [debug] Notified event "kernel.request" to listener "Symfony\Component\HttpKernel\EventListener\ValidateRequestListener::onKernelRequest".
PHP message: [debug] Notified event "kernel.request" to listener "Symfony\Component\HttpKernel\EventListener\SessionListener::onKernelRequest".
PHP message: [debug] Notified event "kernel.request" to listener "Symfony\Component\HttpKernel\EventListener\LocaleListener::setDefaultLocale".
PHP message: [debug] Notified event "kernel.request" to listener "Symfony\Component\HttpKernel\EventListener\RouterListener::onKernelRequest".
PHP message: [debug] Notified event "kernel.request" to listener "Symfony\Component\HttpKernel\EventListener\LocaleListener::onKernelRequest".
PHP message: [debug] Notified event "kernel.request" to listener "Symfony\Component\HttpKernel\EventListener\LocaleAwareListener::onKernelRequest".
PHP message: [debug] Notified event "kernel.controller" to listener "Sensio\Bundle\FrameworkExtraBundle\EventListener\ControllerListener::onKernelController".
PHP message: [debug] Notified event "kernel.controller" to listener "Sensio\Bundle\FrameworkExtraBundle\EventListener\ParamConverterListener::onKernelController".
PHP message: [debug] Notified event "kernel.controller" to listener "Sensio\Bundle\FrameworkExtraBundle\EventListener\HttpCacheListener::onKernelController".
PHP message: [debug] Notified event "kernel.controller" to listener "Sensio\Bundle\FrameworkExtraBundle\EventListener\TemplateListener::onKernelController".
PHP message: [debug] Notified event "kernel.controller_arguments" to listener "Symfony\Component\HttpKernel\EventListener\ErrorListener::onControllerArguments".
PHP message: [debug] Notified event "kernel.controller_arguments" to listener "Sensio\Bundle\FrameworkExtraBundle\Even
2021/08/11 12:04:32 [error] 31#31: *14 FastCGI sent in stderr: "PHP message: [info] Matched route "comment_new".
PHP message: [debug] Notified event "kernel.request" to listener "Symfony\Component\HttpKernel\EventListener\DebugHandlersListener::configure".
PHP message: [debug] Notified event "kernel.request" to listener "Symfony\Component\HttpKernel\EventListener\ValidateRequestListener::onKernelRequest".
PHP message: [debug] Notified event "kernel.request" to listener "Symfony\Component\HttpKernel\EventListener\SessionListener::onKernelRequest".
PHP message: [debug] Notified event "kernel.request" to listener "Symfony\Component\HttpKernel\EventListener\LocaleListener::setDefaultLocale".
PHP message: [debug] Notified event "kernel.request" to listener "Symfony\Component\HttpKernel\EventListener\RouterListener::onKernelRequest".
PHP message: [debug] Notified event "kernel.request" to listener "Symfony\Component\HttpKernel\EventListener\LocaleListener::onKernelRequest".
PHP message: [debug] Notified event "kernel.request" to listener "Symfony\Component\HttpKernel\EventListener\LocaleAwareListener::onKernelRequest".
PHP message: [debug] Notified event "kernel.controller" to listener "Sensio\Bundle\FrameworkExtraBundle\EventListener\ControllerListener::onKernelController".
PHP message: [debug] Notified event "kernel.controller" to listener "Sensio\Bundle\FrameworkExtraBundle\EventListener\ParamConverterListener::onKernelController".
PHP message: [debug] Notified event "kernel.controller" to listener "Sensio\Bundle\FrameworkExtraBundle\EventListener\HttpCacheListener::onKernelController".
PHP message: [debug] Notified event "kernel.controller" to listener "Sensio\Bundle\FrameworkExtraBundle\EventListener\TemplateListener::onKernelController".
PHP message: [debug] Notified event "kernel.controller_arguments" to listener "Symfony\Component\HttpKernel\EventListener\ErrorListener::onControllerArguments".
PHP message: [debug] Notified event "kernel.controller_arguments" to listener "Sensio\Bundle\FrameworkExtraBundle\Even
2021/08/11 12:04:32 [error] 31#31: *14 FastCGI sent in stderr: "PHP message: 2021-08-11T12:04:32+00:00 [critical] Uncaught Error: Object of class App\Entity\Post could not be converted to string" while reading upstream, client: 172.24.0.1, server: localhost, request: "GET /comment/new HTTP/1.1", upstream: "fastcgi://172.24.0.3:9000", host: "localhost", referrer: "http://localhost/comment/"
2021/08/11 12:04:34 [error] 31#31: *14 FastCGI sent in stderr: "PHP message: [info] Matched route "comment_new".
PHP message: [debug] Notified event "kernel.request" to listener "Symfony\Component\HttpKernel\EventListener\DebugHandlersListener::configure".
PHP message: [debug] Notified event "kernel.request" to listener "Symfony\Component\HttpKernel\EventListener\ValidateRequestListener::onKernelRequest".
PHP message: [debug] Notified event "kernel.request" to listener "Symfony\Component\HttpKernel\EventListener\SessionListener::onKernelRequest".
PHP message: [debug] Notified event "kernel.request" to listener "Symfony\Component\HttpKernel\EventListener\LocaleListener::setDefaultLocale".
PHP message: [debug] Notified event "kernel.request" to listener "Symfony\Component\HttpKernel\EventListener\RouterListener::onKernelRequest".
PHP message: [debug] Notified event "kernel.request" to listener "Symfony\Component\HttpKernel\EventListener\LocaleListener::onKernelRequest".
PHP message: [debug] Notified event "kernel.request" to listener "Symfony\Component\HttpKernel\EventListener\LocaleAwareListener::onKernelRequest".
PHP message: [debug] Notified event "kernel.controller" to listener "Sensio\Bundle\FrameworkExtraBundle\EventListener\ControllerListener::onKernelController".
PHP message: [debug] Notified event "kernel.controller" to listener "Sensio\Bundle\FrameworkExtraBundle\EventListener\ParamConverterListener::onKernelController".
PHP message: [debug] Notified event "kernel.controller" to listener "Sensio\Bundle\FrameworkExtraBundle\EventListener\HttpCacheListener::onKernelController".
PHP message: [debug] Notified event "kernel.controller" to listener "Sensio\Bundle\FrameworkExtraBundle\EventListener\TemplateListener::onKernelController".
PHP message: [debug] Notified event "kernel.controller_arguments" to listener "Symfony\Component\HttpKernel\EventListener\ErrorListener::onControllerArguments".
PHP message: [debug] Notified event "kernel.controller_arguments" to listener "Sensio\Bundle\FrameworkExtraBundle\Even
2021/08/11 12:04:45 [error] 31#31: *14 FastCGI sent in stderr: "PHP message: [info] Matched route "comment_new".
PHP message: [debug] Notified event "kernel.request" to listener "Symfony\Component\HttpKernel\EventListener\DebugHandlersListener::configure".
PHP message: [debug] Notified event "kernel.request" to listener "Symfony\Component\HttpKernel\EventListener\ValidateRequestListener::onKernelRequest".
PHP message: [debug] Notified event "kernel.request" to listener "Symfony\Component\HttpKernel\EventListener\SessionListener::onKernelRequest".
PHP message: [debug] Notified event "kernel.request" to listener "Symfony\Component\HttpKernel\EventListener\LocaleListener::setDefaultLocale".
PHP message: [debug] Notified event "kernel.request" to listener "Symfony\Component\HttpKernel\EventListener\RouterListener::onKernelRequest".
PHP message: [debug] Notified event "kernel.request" to listener "Symfony\Component\HttpKernel\EventListener\LocaleListener::onKernelRequest".
PHP message: [debug] Notified event "kernel.request" to listener "Symfony\Component\HttpKernel\EventListener\LocaleAwareListener::onKernelRequest".
PHP message: [debug] Notified event "kernel.controller" to listener "Sensio\Bundle\FrameworkExtraBundle\EventListener\ControllerListener::onKernelController".
PHP message: [debug] Notified event "kernel.controller" to listener "Sensio\Bundle\FrameworkExtraBundle\EventListener\ParamConverterListener::onKernelController".
PHP message: [debug] Notified event "kernel.controller" to listener "Sensio\Bundle\FrameworkExtraBundle\EventListener\HttpCacheListener::onKernelController".
PHP message: [debug] Notified event "kernel.controller" to listener "Sensio\Bundle\FrameworkExtraBundle\EventListener\TemplateListener::onKernelController".
PHP message: [debug] Notified event "kernel.controller_arguments" to listener "Symfony\Component\HttpKernel\EventListener\ErrorListener::onControllerArguments".
PHP message: [debug] Notified event "kernel.controller_arguments" to listener "Sensio\Bundle\FrameworkExtraBundle\Even
2021/08/11 12:04:45 [error] 31#31: *14 FastCGI sent in stderr: "PHP message: [info] Matched route "comment_index".
PHP message: [debug] Notified event "kernel.request" to listener "Symfony\Component\HttpKernel\EventListener\DebugHandlersListener::configure".
PHP message: [debug] Notified event "kernel.request" to listener "Symfony\Component\HttpKernel\EventListener\ValidateRequestListener::onKernelRequest".
PHP message: [debug] Notified event "kernel.request" to listener "Symfony\Component\HttpKernel\EventListener\SessionListener::onKernelRequest".
PHP message: [debug] Notified event "kernel.request" to listener "Symfony\Component\HttpKernel\EventListener\LocaleListener::setDefaultLocale".
PHP message: [debug] Notified event "kernel.request" to listener "Symfony\Component\HttpKernel\EventListener\RouterListener::onKernelRequest".
PHP message: [debug] Notified event "kernel.request" to listener "Symfony\Component\HttpKernel\EventListener\LocaleListener::onKernelRequest".
PHP message: [debug] Notified event "kernel.request" to listener "Symfony\Component\HttpKernel\EventListener\LocaleAwareListener::onKernelRequest".
PHP message: [debug] Notified event "kernel.controller" to listener "Sensio\Bundle\FrameworkExtraBundle\EventListener\ControllerListener::onKernelController".
PHP message: [debug] Notified event "kernel.controller" to listener "Sensio\Bundle\FrameworkExtraBundle\EventListener\ParamConverterListener::onKernelController".
PHP message: [debug] Notified event "kernel.controller" to listener "Sensio\Bundle\FrameworkExtraBundle\EventListener\HttpCacheListener::onKernelController".
PHP message: [debug] Notified event "kernel.controller" to listener "Sensio\Bundle\FrameworkExtraBundle\EventListener\TemplateListener::onKernelController".
PHP message: [debug] Notified event "kernel.controller_arguments" to listener "Symfony\Component\HttpKernel\EventListener\ErrorListener::onControllerArguments".
PHP message: [debug] Notified event "kernel.controller_arguments" to listener "Sensio\Bundle\FrameworkExtraBundle\Ev
2021/08/11 12:04:49 [error] 31#31: *14 FastCGI sent in stderr: "PHP message: [info] Matched route "post_index".
PHP message: [debug] Notified event "kernel.request" to listener "Symfony\Component\HttpKernel\EventListener\DebugHandlersListener::configure".
PHP message: [debug] Notified event "kernel.request" to listener "Symfony\Component\HttpKernel\EventListener\ValidateRequestListener::onKernelRequest".
PHP message: [debug] Notified event "kernel.request" to listener "Symfony\Component\HttpKernel\EventListener\SessionListener::onKernelRequest".
PHP message: [debug] Notified event "kernel.request" to listener "Symfony\Component\HttpKernel\EventListener\LocaleListener::setDefaultLocale".
PHP message: [debug] Notified event "kernel.request" to listener "Symfony\Component\HttpKernel\EventListener\RouterListener::onKernelRequest".
PHP message: [debug] Notified event "kernel.request" to listener "Symfony\Component\HttpKernel\EventListener\LocaleListener::onKernelRequest".
PHP message: [debug] Notified event "kernel.request" to listener "Symfony\Component\HttpKernel\EventListener\LocaleAwareListener::onKernelRequest".
PHP message: [debug] Notified event "kernel.controller" to listener "Sensio\Bundle\FrameworkExtraBundle\EventListener\ControllerListener::onKernelController".
PHP message: [debug] Notified event "kernel.controller" to listener "Sensio\Bundle\FrameworkExtraBundle\EventListener\ParamConverterListener::onKernelController".
PHP message: [debug] Notified event "kernel.controller" to listener "Sensio\Bundle\FrameworkExtraBundle\EventListener\HttpCacheListener::onKernelController".
PHP message: [debug] Notified event "kernel.controller" to listener "Sensio\Bundle\FrameworkExtraBundle\EventListener\TemplateListener::onKernelController".
PHP message: [debug] Notified event "kernel.controller_arguments" to listener "Symfony\Component\HttpKernel\EventListener\ErrorListener::onControllerArguments".
PHP message: [debug] Notified event "kernel.controller_arguments" to listener "Sensio\Bundle\FrameworkExtraBundle\Event
2021/08/11 12:04:51 [error] 31#31: *14 FastCGI sent in stderr: "PHP message: [info] Matched route "post_show".
PHP message: [debug] Notified event "kernel.request" to listener "Symfony\Component\HttpKernel\EventListener\DebugHandlersListener::configure".
PHP message: [debug] Notified event "kernel.request" to listener "Symfony\Component\HttpKernel\EventListener\ValidateRequestListener::onKernelRequest".
PHP message: [debug] Notified event "kernel.request" to listener "Symfony\Component\HttpKernel\EventListener\SessionListener::onKernelRequest".
PHP message: [debug] Notified event "kernel.request" to listener "Symfony\Component\HttpKernel\EventListener\LocaleListener::setDefaultLocale".
PHP message: [debug] Notified event "kernel.request" to listener "Symfony\Component\HttpKernel\EventListener\RouterListener::onKernelRequest".
PHP message: [debug] Notified event "kernel.request" to listener "Symfony\Component\HttpKernel\EventListener\LocaleListener::onKernelRequest".
PHP message: [debug] Notified event "kernel.request" to listener "Symfony\Component\HttpKernel\EventListener\LocaleAwareListener::onKernelRequest".
PHP message: [debug] SELECT t0.id AS id_1, t0.title AS title_2, t0.content AS content_3 FROM post t0 WHERE t0.id = ?
PHP message: [debug] Notified event "kernel.controller" to listener "Sensio\Bundle\FrameworkExtraBundle\EventListener\ControllerListener::onKernelController".
PHP message: [debug] Notified event "kernel.controller" to listener "Sensio\Bundle\FrameworkExtraBundle\EventListener\ParamConverterListener::onKernelController".
PHP message: [debug] Notified event "kernel.controller" to listener "Sensio\Bundle\FrameworkExtraBundle\EventListener\HttpCacheListener::onKernelController".
PHP message: [debug] Notified event "kernel.controller" to listener "Sensio\Bundle\FrameworkExtraBundle\EventListener\TemplateListener::onKernelController".
PHP message: [debug] Notified event "kernel.controller_arguments" to listener "Symfony\Component\HttpKernel\EventListener\ErrorListener::onControllerArguments".
PHP
2021/08/11 12:07:10 [error] 31#31: *24 FastCGI sent in stderr: "PHP message: [debug] Notified event "kernel.request" to listener "Symfony\Component\HttpKernel\EventListener\DebugHandlersListener::configure".
PHP message: [debug] Notified event "kernel.request" to listener "Symfony\Component\HttpKernel\EventListener\ValidateRequestListener::onKernelRequest".
PHP message: [debug] Notified event "kernel.request" to listener "Symfony\Component\HttpKernel\EventListener\SessionListener::onKernelRequest".
PHP message: [debug] Notified event "kernel.request" to listener "Symfony\Component\HttpKernel\EventListener\LocaleListener::setDefaultLocale".
PHP message: [debug] Notified event "kernel.request" to listener "Symfony\Component\HttpKernel\EventListener\RouterListener::onKernelRequest".
PHP message: [error] Uncaught PHP Exception Symfony\Component\HttpKernel\Exception\NotFoundHttpException: "No route found for "GET http://localhost/"" at /var/www/vendor/symfony/http-kernel/EventListener/RouterListener.php line 136
PHP message: [debug] Notified event "kernel.exception" to listener "Symfony\Component\HttpKernel\EventListener\ErrorListener::logKernelException".
PHP message: [debug] Notified event "kernel.exception" to listener "Symfony\Component\HttpKernel\EventListener\RouterListener::onKernelException".
PHP message: [debug] Listener "Symfony\Component\HttpKernel\EventListener\RouterListener::onKernelException" stopped propagation of the event "kernel.exception".
PHP message: [debug] Listener "Symfony\Component\HttpKernel\EventListener\ErrorListener::onKernelException" was not called for event "kernel.exception".
PHP message: [debug] Notified event "kernel.response" to listener "Symfony\Component\HttpKernel\EventListener\ResponseListener::onKernelResponse".
PHP message: [debug] Notified event "kernel.response" to listener "Sensio\Bundle\FrameworkExtraBundle\EventListener\HttpCacheListener::onKernelResponse".
PHP message: [debug] Notified event "kernel.response" to listener "Symfony\Component\HttpKernel\EventListener\Erro
